2013-07-11 10:23:30 Error: [MissingControllerException] Controller class CssController could not be found.
#0 /var/www/music_library/app/webroot/index.php(92): Dispatcher->dispatch(Object(CakeRequest), Object(CakeResponse))
#1 {main}
2013-07-11 01:16:27 Error: [MissingViewException] View file "/var/www/music_library/app/View/YourMusic/upload.ctp" is missing.
#0 /var/www/music_library/lib/Cake/View/View.php(460): View->_getViewFileName(NULL)
#1 /var/www/music_library/lib/Cake/Controller/Controller.php(959): View->render(NULL, NULL)
#2 /var/www/music_library/lib/Cake/Routing/Dispatcher.php(110): Controller->render()
#3 /var/www/music_library/lib/Cake/Routing/Dispatcher.php(85): Dispatcher->_invoke(Object(YourMusicController), Object(CakeRequest), Object(CakeResponse))
#4 /var/www/music_library/app/webroot/index.php(92): Dispatcher->dispatch(Object(CakeRequest), Object(CakeResponse))
#5 {main}
2013-07-11 11:31:03 Error: [MissingControllerException] Controller class NewtubedarkController could not be found.
#0 /var/www/music_library/app/webroot/index.php(92): Dispatcher->dispatch(Object(CakeRequest), Object(CakeResponse))
#1 {main}
2013-07-11 11:31:03 Error: [MissingControllerException] Controller class NewtubedarkController could not be found.
#0 /var/www/music_library/app/webroot/index.php(92): Dispatcher->dispatch(Object(CakeRequest), Object(CakeResponse))
#1 {main}
2013-07-11 11:31:13 Error: [MissingControllerException] Controller class NewtubedarkController could not be found.
#0 /var/www/music_library/app/webroot/index.php(92): Dispatcher->dispatch(Object(CakeRequest), Object(CakeResponse))
#1 {main}
2013-07-11 11:31:13 Error: [MissingControllerException] Controller class NewtubedarkController could not be found.
#0 /var/www/music_library/app/webroot/index.php(92): Dispatcher->dispatch(Object(CakeRequest), Object(CakeResponse))
#1 {main}
2013-07-11 11:32:58 Error: [MissingControllerException] Controller class NewtubedarkController could not be found.
#0 /var/www/music_library/app/webroot/index.php(92): Dispatcher->dispatch(Object(CakeRequest), Object(CakeResponse))
#1 {main}
2013-07-11 11:32:58 Error: [MissingControllerException] Controller class NewtubedarkController could not be found.
#0 /var/www/music_library/app/webroot/index.php(92): Dispatcher->dispatch(Object(CakeRequest), Object(CakeResponse))
#1 {main}
2013-07-11 11:34:55 Error: [MissingControllerException] Controller class NewtubedarkController could not be found.
#0 /var/www/music_library/app/webroot/index.php(92): Dispatcher->dispatch(Object(CakeRequest), Object(CakeResponse))
#1 {main}
2013-07-11 11:34:56 Error: [MissingControllerException] Controller class NewtubedarkController could not be found.
#0 /var/www/music_library/app/webroot/index.php(92): Dispatcher->dispatch(Object(CakeRequest), Object(CakeResponse))
#1 {main}
2013-07-11 11:35:13 Error: [MissingControllerException] Controller class NewtubedarkController could not be found.
#0 /var/www/music_library/app/webroot/index.php(92): Dispatcher->dispatch(Object(CakeRequest), Object(CakeResponse))
#1 {main}
2013-07-11 11:35:13 Error: [MissingControllerException] Controller class NewtubedarkController could not be found.
#0 /var/www/music_library/app/webroot/index.php(92): Dispatcher->dispatch(Object(CakeRequest), Object(CakeResponse))
#1 {main}
2013-07-11 11:36:41 Error: [MissingControllerException] Controller class NewtubedarkController could not be found.
#0 /var/www/music_library/app/webroot/index.php(92): Dispatcher->dispatch(Object(CakeRequest), Object(CakeResponse))
#1 {main}
2013-07-11 11:36:42 Error: [MissingControllerException] Controller class NewtubedarkController could not be found.
#0 /var/www/music_library/app/webroot/index.php(92): Dispatcher->dispatch(Object(CakeRequest), Object(CakeResponse))
#1 {main}
2013-07-11 11:37:38 Error: [MissingControllerException] Controller class NewtubedarkController could not be found.
#0 /var/www/music_library/app/webroot/index.php(92): Dispatcher->dispatch(Object(CakeRequest), Object(CakeResponse))
#1 {main}
2013-07-11 11:37:38 Error: [MissingControllerException] Controller class NewtubedarkController could not be found.
#0 /var/www/music_library/app/webroot/index.php(92): Dispatcher->dispatch(Object(CakeRequest), Object(CakeResponse))
#1 {main}
2013-07-11 11:41:58 Error: [MissingControllerException] Controller class NewtubedarkController could not be found.
#0 /var/www/music_library/app/webroot/index.php(92): Dispatcher->dispatch(Object(CakeRequest), Object(CakeResponse))
#1 {main}
2013-07-11 11:41:58 Error: [MissingControllerException] Controller class NewtubedarkController could not be found.
#0 /var/www/music_library/app/webroot/index.php(92): Dispatcher->dispatch(Object(CakeRequest), Object(CakeResponse))
#1 {main}
2013-07-11 11:43:27 Error: [MissingControllerException] Controller class NewtubedarkController could not be found.
#0 /var/www/music_library/app/webroot/index.php(92): Dispatcher->dispatch(Object(CakeRequest), Object(CakeResponse))
#1 {main}
2013-07-11 11:43:27 Error: [MissingControllerException] Controller class NewtubedarkController could not be found.
#0 /var/www/music_library/app/webroot/index.php(92): Dispatcher->dispatch(Object(CakeRequest), Object(CakeResponse))
#1 {main}
2013-07-11 11:46:13 Error: [MissingControllerException] Controller class NewtubedarkController could not be found.
#0 /var/www/music_library/app/webroot/index.php(92): Dispatcher->dispatch(Object(CakeRequest), Object(CakeResponse))
#1 {main}
2013-07-11 11:46:13 Error: [MissingControllerException] Controller class NewtubedarkController could not be found.
#0 /var/www/music_library/app/webroot/index.php(92): Dispatcher->dispatch(Object(CakeRequest), Object(CakeResponse))
#1 {main}
2013-07-11 11:47:12 Error: [MissingControllerException] Controller class NewtubedarkController could not be found.
#0 /var/www/music_library/app/webroot/index.php(92): Dispatcher->dispatch(Object(CakeRequest), Object(CakeResponse))
#1 {main}
2013-07-11 11:47:12 Error: [MissingControllerException] Controller class NewtubedarkController could not be found.
#0 /var/www/music_library/app/webroot/index.php(92): Dispatcher->dispatch(Object(CakeRequest), Object(CakeResponse))
#1 {main}
2013-07-11 02:17:17 Error: [MissingActionException] Action HomeController::music() could not be found.
#0 /var/www/music_library/lib/Cake/Routing/Dispatcher.php(103): Controller->invokeAction(Object(CakeRequest))
#1 /var/www/music_library/lib/Cake/Routing/Dispatcher.php(85): Dispatcher->_invoke(Object(HomeController), Object(CakeRequest), Object(CakeResponse))
#2 /var/www/music_library/app/webroot/index.php(92): Dispatcher->dispatch(Object(CakeRequest), Object(CakeResponse))
#3 {main}
2013-07-11 11:47:42 Error: [MissingControllerException] Controller class NewtubedarkController could not be found.
#0 /var/www/music_library/app/webroot/index.php(92): Dispatcher->dispatch(Object(CakeRequest), Object(CakeResponse))
#1 {main}
2013-07-11 11:47:42 Error: [MissingControllerException] Controller class NewtubedarkController could not be found.
#0 /var/www/music_library/app/webroot/index.php(92): Dispatcher->dispatch(Object(CakeRequest), Object(CakeResponse))
#1 {main}
2013-07-11 11:47:53 Error: [MissingControllerException] Controller class NewtubedarkController could not be found.
#0 /var/www/music_library/app/webroot/index.php(92): Dispatcher->dispatch(Object(CakeRequest), Object(CakeResponse))
#1 {main}
2013-07-11 11:47:53 Error: [MissingControllerException] Controller class NewtubedarkController could not be found.
#0 /var/www/music_library/app/webroot/index.php(92): Dispatcher->dispatch(Object(CakeRequest), Object(CakeResponse))
#1 {main}
2013-07-11 11:48:38 Error: [MissingControllerException] Controller class NewtubedarkController could not be found.
#0 /var/www/music_library/app/webroot/index.php(92): Dispatcher->dispatch(Object(CakeRequest), Object(CakeResponse))
#1 {main}
2013-07-11 11:48:38 Error: [MissingControllerException] Controller class NewtubedarkController could not be found.
#0 /var/www/music_library/app/webroot/index.php(92): Dispatcher->dispatch(Object(CakeRequest), Object(CakeResponse))
#1 {main}
2013-07-11 11:49:01 Error: [MissingControllerException] Controller class NewtubedarkController could not be found.
#0 /var/www/music_library/app/webroot/index.php(92): Dispatcher->dispatch(Object(CakeRequest), Object(CakeResponse))
#1 {main}
2013-07-11 11:49:01 Error: [MissingControllerException] Controller class NewtubedarkController could not be found.
#0 /var/www/music_library/app/webroot/index.php(92): Dispatcher->dispatch(Object(CakeRequest), Object(CakeResponse))
#1 {main}
2013-07-11 11:49:03 Error: [MissingControllerException] Controller class NewtubedarkController could not be found.
#0 /var/www/music_library/app/webroot/index.php(92): Dispatcher->dispatch(Object(CakeRequest), Object(CakeResponse))
#1 {main}
2013-07-11 11:49:03 Error: [MissingControllerException] Controller class NewtubedarkController could not be found.
#0 /var/www/music_library/app/webroot/index.php(92): Dispatcher->dispatch(Object(CakeRequest), Object(CakeResponse))
#1 {main}
2013-07-11 11:49:08 Error: [MissingControllerException] Controller class NewtubedarkController could not be found.
#0 /var/www/music_library/app/webroot/index.php(92): Dispatcher->dispatch(Object(CakeRequest), Object(CakeResponse))
#1 {main}
2013-07-11 11:49:08 Error: [MissingControllerException] Controller class NewtubedarkController could not be found.
#0 /var/www/music_library/app/webroot/index.php(92): Dispatcher->dispatch(Object(CakeRequest), Object(CakeResponse))
#1 {main}
2013-07-11 11:49:27 Error: [MissingControllerException] Controller class NewtubedarkController could not be found.
#0 /var/www/music_library/app/webroot/index.php(92): Dispatcher->dispatch(Object(CakeRequest), Object(CakeResponse))
#1 {main}
2013-07-11 11:49:27 Error: [MissingControllerException] Controller class NewtubedarkController could not be found.
#0 /var/www/music_library/app/webroot/index.php(92): Dispatcher->dispatch(Object(CakeRequest), Object(CakeResponse))
#1 {main}
2013-07-11 11:54:24 Error: [MissingControllerException] Controller class NewtubedarkController could not be found.
#0 /var/www/music_library/app/webroot/index.php(92): Dispatcher->dispatch(Object(CakeRequest), Object(CakeResponse))
#1 {main}
2013-07-11 11:54:24 Error: [MissingControllerException] Controller class NewtubedarkController could not be found.
#0 /var/www/music_library/app/webroot/index.php(92): Dispatcher->dispatch(Object(CakeRequest), Object(CakeResponse))
#1 {main}
2013-07-11 11:54:37 Error: [MissingControllerException] Controller class NewtubedarkController could not be found.
#0 /var/www/music_library/app/webroot/index.php(92): Dispatcher->dispatch(Object(CakeRequest), Object(CakeResponse))
#1 {main}
2013-07-11 11:54:37 Error: [MissingControllerException] Controller class NewtubedarkController could not be found.
#0 /var/www/music_library/app/webroot/index.php(92): Dispatcher->dispatch(Object(CakeRequest), Object(CakeResponse))
#1 {main}
2013-07-11 02:26:34 Error: [MissingActionException] Action MusicController::Castle() could not be found.
#0 /var/www/music_library/lib/Cake/Routing/Dispatcher.php(103): Controller->invokeAction(Object(CakeRequest))
#1 /var/www/music_library/lib/Cake/Routing/Dispatcher.php(85): Dispatcher->_invoke(Object(MusicController), Object(CakeRequest), Object(CakeResponse))
#2 /var/www/music_library/app/webroot/index.php(92): Dispatcher->dispatch(Object(CakeRequest), Object(CakeResponse))
#3 {main}
2013-07-11 11:59:10 Error: [MissingControllerException] Controller class NewtubedarkController could not be found.
#0 /var/www/music_library/app/webroot/index.php(92): Dispatcher->dispatch(Object(CakeRequest), Object(CakeResponse))
#1 {main}
2013-07-11 11:59:10 Error: [MissingControllerException] Controller class NewtubedarkController could not be found.
#0 /var/www/music_library/app/webroot/index.php(92): Dispatcher->dispatch(Object(CakeRequest), Object(CakeResponse))
#1 {main}
2013-07-11 12:01:03 Error: [MissingControllerException] Controller class NewtubedarkController could not be found.
#0 /var/www/music_library/app/webroot/index.php(92): Dispatcher->dispatch(Object(CakeRequest), Object(CakeResponse))
#1 {main}
2013-07-11 12:01:03 Error: [MissingControllerException] Controller class NewtubedarkController could not be found.
#0 /var/www/music_library/app/webroot/index.php(92): Dispatcher->dispatch(Object(CakeRequest), Object(CakeResponse))
#1 {main}
2013-07-11 12:01:19 Error: [MissingControllerException] Controller class NewtubedarkController could not be found.
#0 /var/www/music_library/app/webroot/index.php(92): Dispatcher->dispatch(Object(CakeRequest), Object(CakeResponse))
#1 {main}
2013-07-11 12:01:19 Error: [MissingControllerException] Controller class NewtubedarkController could not be found.
#0 /var/www/music_library/app/webroot/index.php(92): Dispatcher->dispatch(Object(CakeRequest), Object(CakeResponse))
#1 {main}
2013-07-11 12:01:34 Error: [MissingControllerException] Controller class NewtubedarkController could not be found.
#0 /var/www/music_library/app/webroot/index.php(92): Dispatcher->dispatch(Object(CakeRequest), Object(CakeResponse))
#1 {main}
2013-07-11 12:01:34 Error: [MissingControllerException] Controller class NewtubedarkController could not be found.
#0 /var/www/music_library/app/webroot/index.php(92): Dispatcher->dispatch(Object(CakeRequest), Object(CakeResponse))
#1 {main}
2013-07-11 12:01:53 Error: [MissingControllerException] Controller class NewtubedarkController could not be found.
#0 /var/www/music_library/app/webroot/index.php(92): Dispatcher->dispatch(Object(CakeRequest), Object(CakeResponse))
#1 {main}
2013-07-11 12:01:53 Error: [MissingControllerException] Controller class NewtubedarkController could not be found.
#0 /var/www/music_library/app/webroot/index.php(92): Dispatcher->dispatch(Object(CakeRequest), Object(CakeResponse))
#1 {main}
2013-07-11 12:11:34 Error: [MissingControllerException] Controller class NewtubedarkController could not be found.
#0 /var/www/music_library/app/webroot/index.php(92): Dispatcher->dispatch(Object(CakeRequest), Object(CakeResponse))
#1 {main}
2013-07-11 12:11:34 Error: [MissingControllerException] Controller class NewtubedarkController could not be found.
#0 /var/www/music_library/app/webroot/index.php(92): Dispatcher->dispatch(Object(CakeRequest), Object(CakeResponse))
#1 {main}
2013-07-11 12:11:37 Error: [MissingControllerException] Controller class NewtubedarkController could not be found.
#0 /var/www/music_library/app/webroot/index.php(92): Dispatcher->dispatch(Object(CakeRequest), Object(CakeResponse))
#1 {main}
2013-07-11 12:11:37 Error: [MissingControllerException] Controller class NewtubedarkController could not be found.
#0 /var/www/music_library/app/webroot/index.php(92): Dispatcher->dispatch(Object(CakeRequest), Object(CakeResponse))
#1 {main}
2013-07-11 12:13:26 Error: [MissingControllerException] Controller class NewtubedarkController could not be found.
#0 /var/www/music_library/app/webroot/index.php(92): Dispatcher->dispatch(Object(CakeRequest), Object(CakeResponse))
#1 {main}
2013-07-11 12:13:26 Error: [MissingControllerException] Controller class NewtubedarkController could not be found.
#0 /var/www/music_library/app/webroot/index.php(92): Dispatcher->dispatch(Object(CakeRequest), Object(CakeResponse))
#1 {main}
2013-07-11 12:14:04 Error: [MissingControllerException] Controller class NewtubedarkController could not be found.
#0 /var/www/music_library/app/webroot/index.php(92): Dispatcher->dispatch(Object(CakeRequest), Object(CakeResponse))
#1 {main}
2013-07-11 12:14:04 Error: [MissingControllerException] Controller class NewtubedarkController could not be found.
#0 /var/www/music_library/app/webroot/index.php(92): Dispatcher->dispatch(Object(CakeRequest), Object(CakeResponse))
#1 {main}
2013-07-11 12:14:08 Error: [MissingControllerException] Controller class NewtubedarkController could not be found.
#0 /var/www/music_library/app/webroot/index.php(92): Dispatcher->dispatch(Object(CakeRequest), Object(CakeResponse))
#1 {main}
2013-07-11 12:14:08 Error: [MissingControllerException] Controller class NewtubedarkController could not be found.
#0 /var/www/music_library/app/webroot/index.php(92): Dispatcher->dispatch(Object(CakeRequest), Object(CakeResponse))
#1 {main}
2013-07-11 12:14:48 Error: [MissingControllerException] Controller class NewtubedarkController could not be found.
#0 /var/www/music_library/app/webroot/index.php(92): Dispatcher->dispatch(Object(CakeRequest), Object(CakeResponse))
#1 {main}
2013-07-11 12:14:48 Error: [MissingControllerException] Controller class NewtubedarkController could not be found.
#0 /var/www/music_library/app/webroot/index.php(92): Dispatcher->dispatch(Object(CakeRequest), Object(CakeResponse))
#1 {main}
2013-07-11 12:14:48 Error: [MissingControllerException] Controller class NewtubedarkController could not be found.
#0 /var/www/music_library/app/webroot/index.php(92): Dispatcher->dispatch(Object(CakeRequest), Object(CakeResponse))
#1 {main}
2013-07-11 12:16:04 Error: [MissingControllerException] Controller class NewtubedarkController could not be found.
#0 /var/www/music_library/app/webroot/index.php(92): Dispatcher->dispatch(Object(CakeRequest), Object(CakeResponse))
#1 {main}
2013-07-11 12:16:04 Error: [MissingControllerException] Controller class NewtubedarkController could not be found.
#0 /var/www/music_library/app/webroot/index.php(92): Dispatcher->dispatch(Object(CakeRequest), Object(CakeResponse))
#1 {main}
2013-07-11 12:16:04 Error: [MissingControllerException] Controller class NewtubedarkController could not be found.
#0 /var/www/music_library/app/webroot/index.php(92): Dispatcher->dispatch(Object(CakeRequest), Object(CakeResponse))
#1 {main}
2013-07-11 02:46:19 Error: [MissingActionException] Action MusicController::Muskaanein() could not be found.
#0 /var/www/music_library/lib/Cake/Routing/Dispatcher.php(103): Controller->invokeAction(Object(CakeRequest))
#1 /var/www/music_library/lib/Cake/Routing/Dispatcher.php(85): Dispatcher->_invoke(Object(MusicController), Object(CakeRequest), Object(CakeResponse))
#2 /var/www/music_library/app/webroot/index.php(92): Dispatcher->dispatch(Object(CakeRequest), Object(CakeResponse))
#3 {main}
2013-07-11 02:49:02 Error: [MissingActionException] Action MusicController::Muskaanein() could not be found.
#0 /var/www/music_library/lib/Cake/Routing/Dispatcher.php(103): Controller->invokeAction(Object(CakeRequest))
#1 /var/www/music_library/lib/Cake/Routing/Dispatcher.php(85): Dispatcher->_invoke(Object(MusicController), Object(CakeRequest), Object(CakeResponse))
#2 /var/www/music_library/app/webroot/index.php(92): Dispatcher->dispatch(Object(CakeRequest), Object(CakeResponse))
#3 {main}
2013-07-11 12:20:33 Error: [MissingControllerException] Controller class NewtubedarkController could not be found.
#0 /var/www/music_library/app/webroot/index.php(92): Dispatcher->dispatch(Object(CakeRequest), Object(CakeResponse))
#1 {main}
2013-07-11 12:20:33 Error: [MissingControllerException] Controller class NewtubedarkController could not be found.
#0 /var/www/music_library/app/webroot/index.php(92): Dispatcher->dispatch(Object(CakeRequest), Object(CakeResponse))
#1 {main}
2013-07-11 12:20:33 Error: [MissingControllerException] Controller class NewtubedarkController could not be found.
#0 /var/www/music_library/app/webroot/index.php(92): Dispatcher->dispatch(Object(CakeRequest), Object(CakeResponse))
#1 {main}
2013-07-11 12:20:33 Error: [MissingControllerException] Controller class NewtubedarkController could not be found.
#0 /var/www/music_library/app/webroot/index.php(92): Dispatcher->dispatch(Object(CakeRequest), Object(CakeResponse))
#1 {main}
2013-07-11 12:27:37 Error: [MissingControllerException] Controller class NewtubedarkController could not be found.
#0 /var/www/music_library/app/webroot/index.php(92): Dispatcher->dispatch(Object(CakeRequest), Object(CakeResponse))
#1 {main}
2013-07-11 12:27:37 Error: [MissingControllerException] Controller class NewtubedarkController could not be found.
#0 /var/www/music_library/app/webroot/index.php(92): Dispatcher->dispatch(Object(CakeRequest), Object(CakeResponse))
#1 {main}
2013-07-11 12:27:37 Error: [MissingControllerException] Controller class NewtubedarkController could not be found.
#0 /var/www/music_library/app/webroot/index.php(92): Dispatcher->dispatch(Object(CakeRequest), Object(CakeResponse))
#1 {main}
2013-07-11 12:27:37 Error: [MissingControllerException] Controller class NewtubedarkController could not be found.
#0 /var/www/music_library/app/webroot/index.php(92): Dispatcher->dispatch(Object(CakeRequest), Object(CakeResponse))
#1 {main}
2013-07-11 12:29:38 Error: [MissingControllerException] Controller class NewtubedarkController could not be found.
#0 /var/www/music_library/app/webroot/index.php(92): Dispatcher->dispatch(Object(CakeRequest), Object(CakeResponse))
#1 {main}
2013-07-11 12:29:38 Error: [MissingControllerException] Controller class NewtubedarkController could not be found.
#0 /var/www/music_library/app/webroot/index.php(92): Dispatcher->dispatch(Object(CakeRequest), Object(CakeResponse))
#1 {main}
2013-07-11 12:29:38 Error: [MissingControllerException] Controller class NewtubedarkController could not be found.
#0 /var/www/music_library/app/webroot/index.php(92): Dispatcher->dispatch(Object(CakeRequest), Object(CakeResponse))
#1 {main}
2013-07-11 12:29:38 Error: [MissingControllerException] Controller class NewtubedarkController could not be found.
#0 /var/www/music_library/app/webroot/index.php(92): Dispatcher->dispatch(Object(CakeRequest), Object(CakeResponse))
#1 {main}
2013-07-11 12:30:48 Error: [MissingControllerException] Controller class NewtubedarkController could not be found.
#0 /var/www/music_library/app/webroot/index.php(92): Dispatcher->dispatch(Object(CakeRequest), Object(CakeResponse))
#1 {main}
2013-07-11 12:30:48 Error: [MissingControllerException] Controller class NewtubedarkController could not be found.
#0 /var/www/music_library/app/webroot/index.php(92): Dispatcher->dispatch(Object(CakeRequest), Object(CakeResponse))
#1 {main}
2013-07-11 12:30:48 Error: [MissingControllerException] Controller class NewtubedarkController could not be found.
#0 /var/www/music_library/app/webroot/index.php(92): Dispatcher->dispatch(Object(CakeRequest), Object(CakeResponse))
#1 {main}
2013-07-11 12:30:49 Error: [MissingControllerException] Controller class NewtubedarkController could not be found.
#0 /var/www/music_library/app/webroot/index.php(92): Dispatcher->dispatch(Object(CakeRequest), Object(CakeResponse))
#1 {main}
2013-07-11 12:32:32 Error: [MissingControllerException] Controller class NewtubedarkController could not be found.
#0 /var/www/music_library/app/webroot/index.php(92): Dispatcher->dispatch(Object(CakeRequest), Object(CakeResponse))
#1 {main}
2013-07-11 12:32:32 Error: [MissingControllerException] Controller class NewtubedarkController could not be found.
#0 /var/www/music_library/app/webroot/index.php(92): Dispatcher->dispatch(Object(CakeRequest), Object(CakeResponse))
#1 {main}
2013-07-11 12:32:32 Error: [MissingControllerException] Controller class NewtubedarkController could not be found.
#0 /var/www/music_library/app/webroot/index.php(92): Dispatcher->dispatch(Object(CakeRequest), Object(CakeResponse))
#1 {main}
2013-07-11 12:32:32 Error: [MissingControllerException] Controller class NewtubedarkController could not be found.
#0 /var/www/music_library/app/webroot/index.php(92): Dispatcher->dispatch(Object(CakeRequest), Object(CakeResponse))
#1 {main}
2013-07-11 12:32:57 Error: [MissingControllerException] Controller class NewtubedarkController could not be found.
#0 /var/www/music_library/app/webroot/index.php(92): Dispatcher->dispatch(Object(CakeRequest), Object(CakeResponse))
#1 {main}
2013-07-11 12:32:57 Error: [MissingControllerException] Controller class NewtubedarkController could not be found.
#0 /var/www/music_library/app/webroot/index.php(92): Dispatcher->dispatch(Object(CakeRequest), Object(CakeResponse))
#1 {main}
2013-07-11 12:32:57 Error: [MissingControllerException] Controller class NewtubedarkController could not be found.
#0 /var/www/music_library/app/webroot/index.php(92): Dispatcher->dispatch(Object(CakeRequest), Object(CakeResponse))
#1 {main}
2013-07-11 12:32:58 Error: [MissingControllerException] Controller class NewtubedarkController could not be found.
#0 /var/www/music_library/app/webroot/index.php(92): Dispatcher->dispatch(Object(CakeRequest), Object(CakeResponse))
#1 {main}
2013-07-11 12:33:50 Error: [MissingControllerException] Controller class NewtubedarkController could not be found.
#0 /var/www/music_library/app/webroot/index.php(92): Dispatcher->dispatch(Object(CakeRequest), Object(CakeResponse))
#1 {main}
2013-07-11 12:33:50 Error: [MissingControllerException] Controller class NewtubedarkController could not be found.
#0 /var/www/music_library/app/webroot/index.php(92): Dispatcher->dispatch(Object(CakeRequest), Object(CakeResponse))
#1 {main}
2013-07-11 12:33:50 Error: [MissingControllerException] Controller class NewtubedarkController could not be found.
#0 /var/www/music_library/app/webroot/index.php(92): Dispatcher->dispatch(Object(CakeRequest), Object(CakeResponse))
#1 {main}
2013-07-11 12:33:50 Error: [MissingControllerException] Controller class NewtubedarkController could not be found.
#0 /var/www/music_library/app/webroot/index.php(92): Dispatcher->dispatch(Object(CakeRequest), Object(CakeResponse))
#1 {main}
2013-07-11 12:33:55 Error: [MissingControllerException] Controller class NewtubedarkController could not be found.
#0 /var/www/music_library/app/webroot/index.php(92): Dispatcher->dispatch(Object(CakeRequest), Object(CakeResponse))
#1 {main}
2013-07-11 12:33:55 Error: [MissingControllerException] Controller class NewtubedarkController could not be found.
#0 /var/www/music_library/app/webroot/index.php(92): Dispatcher->dispatch(Object(CakeRequest), Object(CakeResponse))
#1 {main}
2013-07-11 12:33:55 Error: [MissingControllerException] Controller class NewtubedarkController could not be found.
#0 /var/www/music_library/app/webroot/index.php(92): Dispatcher->dispatch(Object(CakeRequest), Object(CakeResponse))
#1 {main}
2013-07-11 12:33:55 Error: [MissingControllerException] Controller class NewtubedarkController could not be found.
#0 /var/www/music_library/app/webroot/index.php(92): Dispatcher->dispatch(Object(CakeRequest), Object(CakeResponse))
#1 {main}
2013-07-11 12:34:02 Error: [MissingControllerException] Controller class NewtubedarkController could not be found.
#0 /var/www/music_library/app/webroot/index.php(92): Dispatcher->dispatch(Object(CakeRequest), Object(CakeResponse))
#1 {main}
2013-07-11 12:34:02 Error: [MissingControllerException] Controller class NewtubedarkController could not be found.
#0 /var/www/music_library/app/webroot/index.php(92): Dispatcher->dispatch(Object(CakeRequest), Object(CakeResponse))
#1 {main}
2013-07-11 12:34:02 Error: [MissingControllerException] Controller class NewtubedarkController could not be found.
#0 /var/www/music_library/app/webroot/index.php(92): Dispatcher->dispatch(Object(CakeRequest), Object(CakeResponse))
#1 {main}
2013-07-11 12:34:03 Error: [MissingControllerException] Controller class NewtubedarkController could not be found.
#0 /var/www/music_library/app/webroot/index.php(92): Dispatcher->dispatch(Object(CakeRequest), Object(CakeResponse))
#1 {main}
2013-07-11 12:34:43 Error: [MissingControllerException] Controller class NewtubedarkController could not be found.
#0 /var/www/music_library/app/webroot/index.php(92): Dispatcher->dispatch(Object(CakeRequest), Object(CakeResponse))
#1 {main}
2013-07-11 12:34:43 Error: [MissingControllerException] Controller class NewtubedarkController could not be found.
#0 /var/www/music_library/app/webroot/index.php(92): Dispatcher->dispatch(Object(CakeRequest), Object(CakeResponse))
#1 {main}
2013-07-11 12:34:43 Error: [MissingControllerException] Controller class NewtubedarkController could not be found.
#0 /var/www/music_library/app/webroot/index.php(92): Dispatcher->dispatch(Object(CakeRequest), Object(CakeResponse))
#1 {main}
2013-07-11 12:34:43 Error: [MissingControllerException] Controller class NewtubedarkController could not be found.
#0 /var/www/music_library/app/webroot/index.php(92): Dispatcher->dispatch(Object(CakeRequest), Object(CakeResponse))
#1 {main}
2013-07-11 12:35:04 Error: [MissingControllerException] Controller class NewtubedarkController could not be found.
#0 /var/www/music_library/app/webroot/index.php(92): Dispatcher->dispatch(Object(CakeRequest), Object(CakeResponse))
#1 {main}
2013-07-11 12:35:04 Error: [MissingControllerException] Controller class NewtubedarkController could not be found.
#0 /var/www/music_library/app/webroot/index.php(92): Dispatcher->dispatch(Object(CakeRequest), Object(CakeResponse))
#1 {main}
2013-07-11 12:35:04 Error: [MissingControllerException] Controller class NewtubedarkController could not be found.
#0 /var/www/music_library/app/webroot/index.php(92): Dispatcher->dispatch(Object(CakeRequest), Object(CakeResponse))
#1 {main}
2013-07-11 12:35:04 Error: [MissingControllerException] Controller class NewtubedarkController could not be found.
#0 /var/www/music_library/app/webroot/index.php(92): Dispatcher->dispatch(Object(CakeRequest), Object(CakeResponse))
#1 {main}
2013-07-11 12:41:11 Error: [MissingControllerException] Controller class NewtubedarkController could not be found.
#0 /var/www/music_library/app/webroot/index.php(92): Dispatcher->dispatch(Object(CakeRequest), Object(CakeResponse))
#1 {main}
2013-07-11 12:41:11 Error: [MissingControllerException] Controller class NewtubedarkController could not be found.
#0 /var/www/music_library/app/webroot/index.php(92): Dispatcher->dispatch(Object(CakeRequest), Object(CakeResponse))
#1 {main}
2013-07-11 12:41:11 Error: [MissingControllerException] Controller class NewtubedarkController could not be found.
#0 /var/www/music_library/app/webroot/index.php(92): Dispatcher->dispatch(Object(CakeRequest), Object(CakeResponse))
#1 {main}
2013-07-11 12:41:11 Error: [MissingControllerException] Controller class NewtubedarkController could not be found.
#0 /var/www/music_library/app/webroot/index.php(92): Dispatcher->dispatch(Object(CakeRequest), Object(CakeResponse))
#1 {main}
2013-07-11 12:41:35 Error: [MissingControllerException] Controller class NewtubedarkController could not be found.
#0 /var/www/music_library/app/webroot/index.php(92): Dispatcher->dispatch(Object(CakeRequest), Object(CakeResponse))
#1 {main}
2013-07-11 12:41:35 Error: [MissingControllerException] Controller class NewtubedarkController could not be found.
#0 /var/www/music_library/app/webroot/index.php(92): Dispatcher->dispatch(Object(CakeRequest), Object(CakeResponse))
#1 {main}
2013-07-11 12:41:35 Error: [MissingControllerException] Controller class NewtubedarkController could not be found.
#0 /var/www/music_library/app/webroot/index.php(92): Dispatcher->dispatch(Object(CakeRequest), Object(CakeResponse))
#1 {main}
2013-07-11 12:41:35 Error: [MissingControllerException] Controller class NewtubedarkController could not be found.
#0 /var/www/music_library/app/webroot/index.php(92): Dispatcher->dispatch(Object(CakeRequest), Object(CakeResponse))
#1 {main}
2013-07-11 12:41:48 Error: [MissingControllerException] Controller class NewtubedarkController could not be found.
#0 /var/www/music_library/app/webroot/index.php(92): Dispatcher->dispatch(Object(CakeRequest), Object(CakeResponse))
#1 {main}
2013-07-11 12:41:48 Error: [MissingControllerException] Controller class NewtubedarkController could not be found.
#0 /var/www/music_library/app/webroot/index.php(92): Dispatcher->dispatch(Object(CakeRequest), Object(CakeResponse))
#1 {main}
2013-07-11 12:41:48 Error: [MissingControllerException] Controller class NewtubedarkController could not be found.
#0 /var/www/music_library/app/webroot/index.php(92): Dispatcher->dispatch(Object(CakeRequest), Object(CakeResponse))
#1 {main}
2013-07-11 12:41:48 Error: [MissingControllerException] Controller class NewtubedarkController could not be found.
#0 /var/www/music_library/app/webroot/index.php(92): Dispatcher->dispatch(Object(CakeRequest), Object(CakeResponse))
#1 {main}
2013-07-11 12:47:21 Error: [MissingControllerException] Controller class NewtubedarkController could not be found.
#0 /var/www/music_library/app/webroot/index.php(92): Dispatcher->dispatch(Object(CakeRequest), Object(CakeResponse))
#1 {main}
2013-07-11 12:47:21 Error: [MissingControllerException] Controller class NewtubedarkController could not be found.
#0 /var/www/music_library/app/webroot/index.php(92): Dispatcher->dispatch(Object(CakeRequest), Object(CakeResponse))
#1 {main}
2013-07-11 12:47:21 Error: [MissingControllerException] Controller class NewtubedarkController could not be found.
#0 /var/www/music_library/app/webroot/index.php(92): Dispatcher->dispatch(Object(CakeRequest), Object(CakeResponse))
#1 {main}
2013-07-11 12:47:21 Error: [MissingControllerException] Controller class NewtubedarkController could not be found.
#0 /var/www/music_library/app/webroot/index.php(92): Dispatcher->dispatch(Object(CakeRequest), Object(CakeResponse))
#1 {main}
2013-07-11 12:47:21 Error: [MissingControllerException] Controller class NewtubedarkController could not be found.
#0 /var/www/music_library/app/webroot/index.php(92): Dispatcher->dispatch(Object(CakeRequest), Object(CakeResponse))
#1 {main}
2013-07-11 12:56:04 Error: [MissingControllerException] Controller class NewtubedarkController could not be found.
#0 /var/www/music_library/app/webroot/index.php(92): Dispatcher->dispatch(Object(CakeRequest), Object(CakeResponse))
#1 {main}
2013-07-11 12:56:04 Error: [MissingControllerException] Controller class NewtubedarkController could not be found.
#0 /var/www/music_library/app/webroot/index.php(92): Dispatcher->dispatch(Object(CakeRequest), Object(CakeResponse))
#1 {main}
2013-07-11 12:56:04 Error: [MissingControllerException] Controller class NewtubedarkController could not be found.
#0 /var/www/music_library/app/webroot/index.php(92): Dispatcher->dispatch(Object(CakeRequest), Object(CakeResponse))
#1 {main}
2013-07-11 12:56:04 Error: [MissingControllerException] Controller class NewtubedarkController could not be found.
#0 /var/www/music_library/app/webroot/index.php(92): Dispatcher->dispatch(Object(CakeRequest), Object(CakeResponse))
#1 {main}
2013-07-11 12:56:05 Error: [MissingControllerException] Controller class NewtubedarkController could not be found.
#0 /var/www/music_library/app/webroot/index.php(92): Dispatcher->dispatch(Object(CakeRequest), Object(CakeResponse))
#1 {main}
2013-07-11 14:12:41 Error: [MissingControllerException] Controller class NewtubedarkController could not be found.
#0 /var/www/music_library/app/webroot/index.php(92): Dispatcher->dispatch(Object(CakeRequest), Object(CakeResponse))
#1 {main}
2013-07-11 14:12:41 Error: [MissingControllerException] Controller class NewtubedarkController could not be found.
#0 /var/www/music_library/app/webroot/index.php(92): Dispatcher->dispatch(Object(CakeRequest), Object(CakeResponse))
#1 {main}
2013-07-11 14:12:41 Error: [MissingControllerException] Controller class NewtubedarkController could not be found.
#0 /var/www/music_library/app/webroot/index.php(92): Dispatcher->dispatch(Object(CakeRequest), Object(CakeResponse))
#1 {main}
2013-07-11 14:12:41 Error: [MissingControllerException] Controller class NewtubedarkController could not be found.
#0 /var/www/music_library/app/webroot/index.php(92): Dispatcher->dispatch(Object(CakeRequest), Object(CakeResponse))
#1 {main}
2013-07-11 14:12:41 Error: [MissingControllerException] Controller class NewtubedarkController could not be found.
#0 /var/www/music_library/app/webroot/index.php(92): Dispatcher->dispatch(Object(CakeRequest), Object(CakeResponse))
#1 {main}
2013-07-11 14:30:50 Error: [MissingControllerException] Controller class NewtubedarkController could not be found.
#0 /var/www/music_library/app/webroot/index.php(92): Dispatcher->dispatch(Object(CakeRequest), Object(CakeResponse))
#1 {main}
2013-07-11 14:30:51 Error: [MissingControllerException] Controller class NewtubedarkController could not be found.
#0 /var/www/music_library/app/webroot/index.php(92): Dispatcher->dispatch(Object(CakeRequest), Object(CakeResponse))
#1 {main}
2013-07-11 14:30:51 Error: [MissingControllerException] Controller class NewtubedarkController could not be found.
#0 /var/www/music_library/app/webroot/index.php(92): Dispatcher->dispatch(Object(CakeRequest), Object(CakeResponse))
#1 {main}
2013-07-11 14:30:51 Error: [MissingControllerException] Controller class NewtubedarkController could not be found.
#0 /var/www/music_library/app/webroot/index.php(92): Dispatcher->dispatch(Object(CakeRequest), Object(CakeResponse))
#1 {main}
2013-07-11 14:30:51 Error: [MissingControllerException] Controller class NewtubedarkController could not be found.
#0 /var/www/music_library/app/webroot/index.php(92): Dispatcher->dispatch(Object(CakeRequest), Object(CakeResponse))
#1 {main}
2013-07-11 14:32:50 Error: [MissingControllerException] Controller class NewtubedarkController could not be found.
#0 /var/www/music_library/app/webroot/index.php(92): Dispatcher->dispatch(Object(CakeRequest), Object(CakeResponse))
#1 {main}
2013-07-11 14:32:50 Error: [MissingControllerException] Controller class NewtubedarkController could not be found.
#0 /var/www/music_library/app/webroot/index.php(92): Dispatcher->dispatch(Object(CakeRequest), Object(CakeResponse))
#1 {main}
2013-07-11 14:32:50 Error: [MissingControllerException] Controller class NewtubedarkController could not be found.
#0 /var/www/music_library/app/webroot/index.php(92): Dispatcher->dispatch(Object(CakeRequest), Object(CakeResponse))
#1 {main}
2013-07-11 14:32:50 Error: [MissingControllerException] Controller class NewtubedarkController could not be found.
#0 /var/www/music_library/app/webroot/index.php(92): Dispatcher->dispatch(Object(CakeRequest), Object(CakeResponse))
#1 {main}
2013-07-11 14:32:50 Error: [MissingControllerException] Controller class NewtubedarkController could not be found.
#0 /var/www/music_library/app/webroot/index.php(92): Dispatcher->dispatch(Object(CakeRequest), Object(CakeResponse))
#1 {main}
2013-07-11 15:11:09 Error: [MissingControllerException] Controller class NewtubedarkController could not be found.
#0 /var/www/music_library/app/webroot/index.php(92): Dispatcher->dispatch(Object(CakeRequest), Object(CakeResponse))
#1 {main}
2013-07-11 15:11:10 Error: [MissingControllerException] Controller class NewtubedarkController could not be found.
#0 /var/www/music_library/app/webroot/index.php(92): Dispatcher->dispatch(Object(CakeRequest), Object(CakeResponse))
#1 {main}
2013-07-11 15:11:10 Error: [MissingControllerException] Controller class NewtubedarkController could not be found.
#0 /var/www/music_library/app/webroot/index.php(92): Dispatcher->dispatch(Object(CakeRequest), Object(CakeResponse))
#1 {main}
2013-07-11 15:11:10 Error: [MissingControllerException] Controller class NewtubedarkController could not be found.
#0 /var/www/music_library/app/webroot/index.php(92): Dispatcher->dispatch(Object(CakeRequest), Object(CakeResponse))
#1 {main}
2013-07-11 15:11:10 Error: [MissingControllerException] Controller class NewtubedarkController could not be found.
#0 /var/www/music_library/app/webroot/index.php(92): Dispatcher->dispatch(Object(CakeRequest), Object(CakeResponse))
#1 {main}
